
*** Running vivado
    with args -log demo_zc706_wrapper.vds -m64 -product Vivado -mode batch -messageDb vivado.pb -notrace -source demo_zc706_wrapper.tcl



****** Vivado v2022.2 (64-bit)
  **** SW Build 3671981 on Fri Oct 14 05:00:03 MDT 2022
  **** IP Build 3669848 on Fri Oct 14 08:30:02 MDT 2022
    ** Copyright 1986-2022 Xilinx, Inc. All Rights Reserved.

source demo_zc706_wrapper.tcl -notrace
INFO: [IP_Flow 19-234] Refreshing IP repositories
INFO: [IP_Flow 19-1704] No user IP repositories specified
INFO: [IP_Flow 19-2313] Loaded Vivado IP repository 'G:/Xillinx2022.2/Vivado/2022.2/data/ip'.
Command: synth_design -top demo_zc706_wrapper -part xc7z045ffg900-2
Starting synth_design
Attempting to get a license for feature 'Synthesis' and/or device 'xc7z045'
INFO: [Common 17-349] Got license for feature 'Synthesis' and/or device 'xc7z045'
INFO: [Device 21-403] Loading part xc7z045ffg900-2
INFO: [Synth 8-7079] Multithreading enabled for synth_design using a maximum of 2 processes.
INFO: [Synth 8-7078] Launching helper process for spawning children vivado processes
INFO: [Synth 8-7075] Helper process launched with PID 76980
INFO: [Synth 8-11241] undeclared symbol 'REGCCE', assumed default net type 'wire' [G:/Xillinx2022.2/Vivado/2022.2/data/verilog/src/unimacro/BRAM_SINGLE_MACRO.v:2170]
---------------------------------------------------------------------------------
Starting RTL Elaboration : Time (s): cpu = 00:00:05 ; elapsed = 00:00:06 . Memory (MB): peak = 2312.895 ; gain = 408.145
---------------------------------------------------------------------------------
INFO: [Synth 8-6157] synthesizing module 'demo_zc706_wrapper' [c:/Users/lgonzales/Documents/Vivado/code/demo_zc706/demo_zc706.gen/sources_1/bd/demo_zc706/hdl/demo_zc706_wrapper.v:12]
INFO: [Synth 8-6157] synthesizing module 'demo_zc706' [c:/Users/lgonzales/Documents/Vivado/code/demo_zc706/demo_zc706.gen/sources_1/bd/demo_zc706/synth/demo_zc706.v:12]
INFO: [Synth 8-6157] synthesizing module 'demo_zc706_processing_system7_0_0' [c:/Users/lgonzales/Documents/Vivado/code/demo_zc706/demo_zc706.gen/sources_1/bd/demo_zc706/ip/demo_zc706_processing_system7_0_0/synth/demo_zc706_processing_system7_0_0.v:53]
INFO: [Synth 8-6157] synthesizing module 'processing_system7_v5_5_processing_system7' [c:/Users/lgonzales/Documents/Vivado/code/demo_zc706/demo_zc706.gen/sources_1/bd/demo_zc706/ip/demo_zc706_processing_system7_0_0/hdl/verilog/processing_system7_v5_5_processing_system7.v:152]
INFO: [Synth 8-6157] synthesizing module 'BUFG' [G:/Xillinx2022.2/Vivado/2022.2/scripts/rt/data/unisim_comp.v:1082]
INFO: [Synth 8-6155] done synthesizing module 'BUFG' (0#1) [G:/Xillinx2022.2/Vivado/2022.2/scripts/rt/data/unisim_comp.v:1082]
INFO: [Synth 8-6157] synthesizing module 'BIBUF' [G:/Xillinx2022.2/Vivado/2022.2/scripts/rt/data/unisim_comp.v:729]
INFO: [Synth 8-6155] done synthesizing module 'BIBUF' (0#1) [G:/Xillinx2022.2/Vivado/2022.2/scripts/rt/data/unisim_comp.v:729]
INFO: [Synth 8-6157] synthesizing module 'PS7' [G:/Xillinx2022.2/Vivado/2022.2/scripts/rt/data/unisim_comp.v:109424]
INFO: [Synth 8-6155] done synthesizing module 'PS7' (0#1) [G:/Xillinx2022.2/Vivado/2022.2/scripts/rt/data/unisim_comp.v:109424]
INFO: [Synth 8-6155] done synthesizing module 'processing_system7_v5_5_processing_system7' (0#1) [c:/Users/lgonzales/Documents/Vivado/code/demo_zc706/demo_zc706.gen/sources_1/bd/demo_zc706/ip/demo_zc706_processing_system7_0_0/hdl/verilog/processing_system7_v5_5_processing_system7.v:152]
WARNING: [Synth 8-7071] port 'M_AXI_GP0_ARESETN' of module 'processing_system7_v5_5_processing_system7' is unconnected for instance 'inst' [c:/Users/lgonzales/Documents/Vivado/code/demo_zc706/demo_zc706.gen/sources_1/bd/demo_zc706/ip/demo_zc706_processing_system7_0_0/synth/demo_zc706_processing_system7_0_0.v:329]
WARNING: [Synth 8-7071] port 'M_AXI_GP1_ARESETN' of module 'processing_system7_v5_5_processing_system7' is unconnected for instance 'inst' [c:/Users/lgonzales/Documents/Vivado/code/demo_zc706/demo_zc706.gen/sources_1/bd/demo_zc706/ip/demo_zc706_processing_system7_0_0/synth/demo_zc706_processing_system7_0_0.v:329]
WARNING: [Synth 8-7071] port 'S_AXI_GP0_ARESETN' of module 'processing_system7_v5_5_processing_system7' is unconnected for instance 'inst' [c:/Users/lgonzales/Documents/Vivado/code/demo_zc706/demo_zc706.gen/sources_1/bd/demo_zc706/ip/demo_zc706_processing_system7_0_0/synth/demo_zc706_processing_system7_0_0.v:329]
WARNING: [Synth 8-7071] port 'S_AXI_GP1_ARESETN' of module 'processing_system7_v5_5_processing_system7' is unconnected for instance 'inst' [c:/Users/lgonzales/Documents/Vivado/code/demo_zc706/demo_zc706.gen/sources_1/bd/demo_zc706/ip/demo_zc706_processing_system7_0_0/synth/demo_zc706_processing_system7_0_0.v:329]
WARNING: [Synth 8-7071] port 'S_AXI_ACP_ARESETN' of module 'processing_system7_v5_5_processing_system7' is unconnected for instance 'inst' [c:/Users/lgonzales/Documents/Vivado/code/demo_zc706/demo_zc706.gen/sources_1/bd/demo_zc706/ip/demo_zc706_processing_system7_0_0/synth/demo_zc706_processing_system7_0_0.v:329]
WARNING: [Synth 8-7071] port 'S_AXI_HP0_ARESETN' of module 'processing_system7_v5_5_processing_system7' is unconnected for instance 'inst' [c:/Users/lgonzales/Documents/Vivado/code/demo_zc706/demo_zc706.gen/sources_1/bd/demo_zc706/ip/demo_zc706_processing_system7_0_0/synth/demo_zc706_processing_system7_0_0.v:329]
WARNING: [Synth 8-7071] port 'S_AXI_HP1_ARESETN' of module 'processing_system7_v5_5_processing_system7' is unconnected for instance 'inst' [c:/Users/lgonzales/Documents/Vivado/code/demo_zc706/demo_zc706.gen/sources_1/bd/demo_zc706/ip/demo_zc706_processing_system7_0_0/synth/demo_zc706_processing_system7_0_0.v:329]
WARNING: [Synth 8-7071] port 'S_AXI_HP2_ARESETN' of module 'processing_system7_v5_5_processing_system7' is unconnected for instance 'inst' [c:/Users/lgonzales/Documents/Vivado/code/demo_zc706/demo_zc706.gen/sources_1/bd/demo_zc706/ip/demo_zc706_processing_system7_0_0/synth/demo_zc706_processing_system7_0_0.v:329]
WARNING: [Synth 8-7071] port 'S_AXI_HP3_ARESETN' of module 'processing_system7_v5_5_processing_system7' is unconnected for instance 'inst' [c:/Users/lgonzales/Documents/Vivado/code/demo_zc706/demo_zc706.gen/sources_1/bd/demo_zc706/ip/demo_zc706_processing_system7_0_0/synth/demo_zc706_processing_system7_0_0.v:329]
WARNING: [Synth 8-7071] port 'DMA0_RSTN' of module 'processing_system7_v5_5_processing_system7' is unconnected for instance 'inst' [c:/Users/lgonzales/Documents/Vivado/code/demo_zc706/demo_zc706.gen/sources_1/bd/demo_zc706/ip/demo_zc706_processing_system7_0_0/synth/demo_zc706_processing_system7_0_0.v:329]
WARNING: [Synth 8-7071] port 'DMA1_RSTN' of module 'processing_system7_v5_5_processing_system7' is unconnected for instance 'inst' [c:/Users/lgonzales/Documents/Vivado/code/demo_zc706/demo_zc706.gen/sources_1/bd/demo_zc706/ip/demo_zc706_processing_system7_0_0/synth/demo_zc706_processing_system7_0_0.v:329]
WARNING: [Synth 8-7071] port 'DMA2_RSTN' of module 'processing_system7_v5_5_processing_system7' is unconnected for instance 'inst' [c:/Users/lgonzales/Documents/Vivado/code/demo_zc706/demo_zc706.gen/sources_1/bd/demo_zc706/ip/demo_zc706_processing_system7_0_0/synth/demo_zc706_processing_system7_0_0.v:329]
WARNING: [Synth 8-7071] port 'DMA3_RSTN' of module 'processing_system7_v5_5_processing_system7' is unconnected for instance 'inst' [c:/Users/lgonzales/Documents/Vivado/code/demo_zc706/demo_zc706.gen/sources_1/bd/demo_zc706/ip/demo_zc706_processing_system7_0_0/synth/demo_zc706_processing_system7_0_0.v:329]
WARNING: [Synth 8-7023] instance 'inst' of module 'processing_system7_v5_5_processing_system7' has 685 connections declared, but only 672 given [c:/Users/lgonzales/Documents/Vivado/code/demo_zc706/demo_zc706.gen/sources_1/bd/demo_zc706/ip/demo_zc706_processing_system7_0_0/synth/demo_zc706_processing_system7_0_0.v:329]
INFO: [Synth 8-6155] done synthesizing module 'demo_zc706_processing_system7_0_0' (0#1) [c:/Users/lgonzales/Documents/Vivado/code/demo_zc706/demo_zc706.gen/sources_1/bd/demo_zc706/ip/demo_zc706_processing_system7_0_0/synth/demo_zc706_processing_system7_0_0.v:53]
WARNING: [Synth 8-7071] port 'TTC0_WAVE0_OUT' of module 'demo_zc706_processing_system7_0_0' is unconnected for instance 'processing_system7_0' [c:/Users/lgonzales/Documents/Vivado/code/demo_zc706/demo_zc706.gen/sources_1/bd/demo_zc706/synth/demo_zc706.v:80]
WARNING: [Synth 8-7071] port 'TTC0_WAVE1_OUT' of module 'demo_zc706_processing_system7_0_0' is unconnected for instance 'processing_system7_0' [c:/Users/lgonzales/Documents/Vivado/code/demo_zc706/demo_zc706.gen/sources_1/bd/demo_zc706/synth/demo_zc706.v:80]
WARNING: [Synth 8-7071] port 'TTC0_WAVE2_OUT' of module 'demo_zc706_processing_system7_0_0' is unconnected for instance 'processing_system7_0' [c:/Users/lgonzales/Documents/Vivado/code/demo_zc706/demo_zc706.gen/sources_1/bd/demo_zc706/synth/demo_zc706.v:80]
WARNING: [Synth 8-7071] port 'USB0_PORT_INDCTL' of module 'demo_zc706_processing_system7_0_0' is unconnected for instance 'processing_system7_0' [c:/Users/lgonzales/Documents/Vivado/code/demo_zc706/demo_zc706.gen/sources_1/bd/demo_zc706/synth/demo_zc706.v:80]
WARNING: [Synth 8-7071] port 'USB0_VBUS_PWRSELECT' of module 'demo_zc706_processing_system7_0_0' is unconnected for instance 'processing_system7_0' [c:/Users/lgonzales/Documents/Vivado/code/demo_zc706/demo_zc706.gen/sources_1/bd/demo_zc706/synth/demo_zc706.v:80]
WARNING: [Synth 8-7071] port 'M_AXI_GP0_ARVALID' of module 'demo_zc706_processing_system7_0_0' is unconnected for instance 'processing_system7_0' [c:/Users/lgonzales/Documents/Vivado/code/demo_zc706/demo_zc706.gen/sources_1/bd/demo_zc706/synth/demo_zc706.v:80]
WARNING: [Synth 8-7071] port 'M_AXI_GP0_AWVALID' of module 'demo_zc706_processing_system7_0_0' is unconnected for instance 'processing_system7_0' [c:/Users/lgonzales/Documents/Vivado/code/demo_zc706/demo_zc706.gen/sources_1/bd/demo_zc706/synth/demo_zc706.v:80]
WARNING: [Synth 8-7071] port 'M_AXI_GP0_BREADY' of module 'demo_zc706_processing_system7_0_0' is unconnected for instance 'processing_system7_0' [c:/Users/lgonzales/Documents/Vivado/code/demo_zc706/demo_zc706.gen/sources_1/bd/demo_zc706/synth/demo_zc706.v:80]
WARNING: [Synth 8-7071] port 'M_AXI_GP0_RREADY' of module 'demo_zc706_processing_system7_0_0' is unconnected for instance 'processing_system7_0' [c:/Users/lgonzales/Documents/Vivado/code/demo_zc706/demo_zc706.gen/sources_1/bd/demo_zc706/synth/demo_zc706.v:80]
WARNING: [Synth 8-7071] port 'M_AXI_GP0_WLAST' of module 'demo_zc706_processing_system7_0_0' is unconnected for instance 'processing_system7_0' [c:/Users/lgonzales/Documents/Vivado/code/demo_zc706/demo_zc706.gen/sources_1/bd/demo_zc706/synth/demo_zc706.v:80]
WARNING: [Synth 8-7071] port 'M_AXI_GP0_WVALID' of module 'demo_zc706_processing_system7_0_0' is unconnected for instance 'processing_system7_0' [c:/Users/lgonzales/Documents/Vivado/code/demo_zc706/demo_zc706.gen/sources_1/bd/demo_zc706/synth/demo_zc706.v:80]
WARNING: [Synth 8-7071] port 'M_AXI_GP0_ARID' of module 'demo_zc706_processing_system7_0_0' is unconnected for instance 'processing_system7_0' [c:/Users/lgonzales/Documents/Vivado/code/demo_zc706/demo_zc706.gen/sources_1/bd/demo_zc706/synth/demo_zc706.v:80]
WARNING: [Synth 8-7071] port 'M_AXI_GP0_AWID' of module 'demo_zc706_processing_system7_0_0' is unconnected for instance 'processing_system7_0' [c:/Users/lgonzales/Documents/Vivado/code/demo_zc706/demo_zc706.gen/sources_1/bd/demo_zc706/synth/demo_zc706.v:80]
WARNING: [Synth 8-7071] port 'M_AXI_GP0_WID' of module 'demo_zc706_processing_system7_0_0' is unconnected for instance 'processing_system7_0' [c:/Users/lgonzales/Documents/Vivado/code/demo_zc706/demo_zc706.gen/sources_1/bd/demo_zc706/synth/demo_zc706.v:80]
WARNING: [Synth 8-7071] port 'M_AXI_GP0_ARBURST' of module 'demo_zc706_processing_system7_0_0' is unconnected for instance 'processing_system7_0' [c:/Users/lgonzales/Documents/Vivado/code/demo_zc706/demo_zc706.gen/sources_1/bd/demo_zc706/synth/demo_zc706.v:80]
WARNING: [Synth 8-7071] port 'M_AXI_GP0_ARLOCK' of module 'demo_zc706_processing_system7_0_0' is unconnected for instance 'processing_system7_0' [c:/Users/lgonzales/Documents/Vivado/code/demo_zc706/demo_zc706.gen/sources_1/bd/demo_zc706/synth/demo_zc706.v:80]
WARNING: [Synth 8-7071] port 'M_AXI_GP0_ARSIZE' of module 'demo_zc706_processing_system7_0_0' is unconnected for instance 'processing_system7_0' [c:/Users/lgonzales/Documents/Vivado/code/demo_zc706/demo_zc706.gen/sources_1/bd/demo_zc706/synth/demo_zc706.v:80]
WARNING: [Synth 8-7071] port 'M_AXI_GP0_AWBURST' of module 'demo_zc706_processing_system7_0_0' is unconnected for instance 'processing_system7_0' [c:/Users/lgonzales/Documents/Vivado/code/demo_zc706/demo_zc706.gen/sources_1/bd/demo_zc706/synth/demo_zc706.v:80]
WARNING: [Synth 8-7071] port 'M_AXI_GP0_AWLOCK' of module 'demo_zc706_processing_system7_0_0' is unconnected for instance 'processing_system7_0' [c:/Users/lgonzales/Documents/Vivado/code/demo_zc706/demo_zc706.gen/sources_1/bd/demo_zc706/synth/demo_zc706.v:80]
WARNING: [Synth 8-7071] port 'M_AXI_GP0_AWSIZE' of module 'demo_zc706_processing_system7_0_0' is unconnected for instance 'processing_system7_0' [c:/Users/lgonzales/Documents/Vivado/code/demo_zc706/demo_zc706.gen/sources_1/bd/demo_zc706/synth/demo_zc706.v:80]
WARNING: [Synth 8-7071] port 'M_AXI_GP0_ARPROT' of module 'demo_zc706_processing_system7_0_0' is unconnected for instance 'processing_system7_0' [c:/Users/lgonzales/Documents/Vivado/code/demo_zc706/demo_zc706.gen/sources_1/bd/demo_zc706/synth/demo_zc706.v:80]
WARNING: [Synth 8-7071] port 'M_AXI_GP0_AWPROT' of module 'demo_zc706_processing_system7_0_0' is unconnected for instance 'processing_system7_0' [c:/Users/lgonzales/Documents/Vivado/code/demo_zc706/demo_zc706.gen/sources_1/bd/demo_zc706/synth/demo_zc706.v:80]
WARNING: [Synth 8-7071] port 'M_AXI_GP0_ARADDR' of module 'demo_zc706_processing_system7_0_0' is unconnected for instance 'processing_system7_0' [c:/Users/lgonzales/Documents/Vivado/code/demo_zc706/demo_zc706.gen/sources_1/bd/demo_zc706/synth/demo_zc706.v:80]
WARNING: [Synth 8-7071] port 'M_AXI_GP0_AWADDR' of module 'demo_zc706_processing_system7_0_0' is unconnected for instance 'processing_system7_0' [c:/Users/lgonzales/Documents/Vivado/code/demo_zc706/demo_zc706.gen/sources_1/bd/demo_zc706/synth/demo_zc706.v:80]
WARNING: [Synth 8-7071] port 'M_AXI_GP0_WDATA' of module 'demo_zc706_processing_system7_0_0' is unconnected for instance 'processing_system7_0' [c:/Users/lgonzales/Documents/Vivado/code/demo_zc706/demo_zc706.gen/sources_1/bd/demo_zc706/synth/demo_zc706.v:80]
WARNING: [Synth 8-7071] port 'M_AXI_GP0_ARCACHE' of module 'demo_zc706_processing_system7_0_0' is unconnected for instance 'processing_system7_0' [c:/Users/lgonzales/Documents/Vivado/code/demo_zc706/demo_zc706.gen/sources_1/bd/demo_zc706/synth/demo_zc706.v:80]
WARNING: [Synth 8-7071] port 'M_AXI_GP0_ARLEN' of module 'demo_zc706_processing_system7_0_0' is unconnected for instance 'processing_system7_0' [c:/Users/lgonzales/Documents/Vivado/code/demo_zc706/demo_zc706.gen/sources_1/bd/demo_zc706/synth/demo_zc706.v:80]
WARNING: [Synth 8-7071] port 'M_AXI_GP0_ARQOS' of module 'demo_zc706_processing_system7_0_0' is unconnected for instance 'processing_system7_0' [c:/Users/lgonzales/Documents/Vivado/code/demo_zc706/demo_zc706.gen/sources_1/bd/demo_zc706/synth/demo_zc706.v:80]
WARNING: [Synth 8-7071] port 'M_AXI_GP0_AWCACHE' of module 'demo_zc706_processing_system7_0_0' is unconnected for instance 'processing_system7_0' [c:/Users/lgonzales/Documents/Vivado/code/demo_zc706/demo_zc706.gen/sources_1/bd/demo_zc706/synth/demo_zc706.v:80]
WARNING: [Synth 8-7071] port 'M_AXI_GP0_AWLEN' of module 'demo_zc706_processing_system7_0_0' is unconnected for instance 'processing_system7_0' [c:/Users/lgonzales/Documents/Vivado/code/demo_zc706/demo_zc706.gen/sources_1/bd/demo_zc706/synth/demo_zc706.v:80]
WARNING: [Synth 8-7071] port 'M_AXI_GP0_AWQOS' of module 'demo_zc706_processing_system7_0_0' is unconnected for instance 'processing_system7_0' [c:/Users/lgonzales/Documents/Vivado/code/demo_zc706/demo_zc706.gen/sources_1/bd/demo_zc706/synth/demo_zc706.v:80]
WARNING: [Synth 8-7071] port 'M_AXI_GP0_WSTRB' of module 'demo_zc706_processing_system7_0_0' is unconnected for instance 'processing_system7_0' [c:/Users/lgonzales/Documents/Vivado/code/demo_zc706/demo_zc706.gen/sources_1/bd/demo_zc706/synth/demo_zc706.v:80]
WARNING: [Synth 8-7071] port 'FCLK_RESET0_N' of module 'demo_zc706_processing_system7_0_0' is unconnected for instance 'processing_system7_0' [c:/Users/lgonzales/Documents/Vivado/code/demo_zc706/demo_zc706.gen/sources_1/bd/demo_zc706/synth/demo_zc706.v:80]
WARNING: [Synth 8-7023] instance 'processing_system7_0' of module 'demo_zc706_processing_system7_0_0' has 68 connections declared, but only 35 given [c:/Users/lgonzales/Documents/Vivado/code/demo_zc706/demo_zc706.gen/sources_1/bd/demo_zc706/synth/demo_zc706.v:80]
INFO: [Synth 8-6155] done synthesizing module 'demo_zc706' (0#1) [c:/Users/lgonzales/Documents/Vivado/code/demo_zc706/demo_zc706.gen/sources_1/bd/demo_zc706/synth/demo_zc706.v:12]
INFO: [Synth 8-6155] done synthesizing module 'demo_zc706_wrapper' (0#1) [c:/Users/lgonzales/Documents/Vivado/code/demo_zc706/demo_zc706.gen/sources_1/bd/demo_zc706/hdl/demo_zc706_wrapper.v:12]
WARNING: [Synth 8-7129] Port ENET0_GMII_COL in module processing_system7_v5_5_processing_system7 is either unconnected or has no load
WARNING: [Synth 8-7129] Port ENET0_GMII_CRS in module processing_system7_v5_5_processing_system7 is either unconnected or has no load
WARNING: [Synth 8-7129] Port ENET0_GMII_RX_DV in module processing_system7_v5_5_processing_system7 is either unconnected or has no load
WARNING: [Synth 8-7129] Port ENET0_GMII_RX_ER in module processing_system7_v5_5_processing_system7 is either unconnected or has no load
WARNING: [Synth 8-7129] Port ENET0_GMII_RXD[7] in module processing_system7_v5_5_processing_system7 is either unconnected or has no load
WARNING: [Synth 8-7129] Port ENET0_GMII_RXD[6] in module processing_system7_v5_5_processing_system7 is either unconnected or has no load
WARNING: [Synth 8-7129] Port ENET0_GMII_RXD[5] in module processing_system7_v5_5_processing_system7 is either unconnected or has no load
WARNING: [Synth 8-7129] Port ENET0_GMII_RXD[4] in module processing_system7_v5_5_processing_system7 is either unconnected or has no load
WARNING: [Synth 8-7129] Port ENET0_GMII_RXD[3] in module processing_system7_v5_5_processing_system7 is either unconnected or has no load
WARNING: [Synth 8-7129] Port ENET0_GMII_RXD[2] in module processing_system7_v5_5_processing_system7 is either unconnected or has no load
WARNING: [Synth 8-7129] Port ENET0_GMII_RXD[1] in module processing_system7_v5_5_processing_system7 is either unconnected or has no load
WARNING: [Synth 8-7129] Port ENET0_GMII_RXD[0] in module processing_system7_v5_5_processing_system7 is either unconnected or has no load
WARNING: [Synth 8-7129] Port ENET1_GMII_COL in module processing_system7_v5_5_processing_system7 is either unconnected or has no load
WARNING: [Synth 8-7129] Port ENET1_GMII_CRS in module processing_system7_v5_5_processing_system7 is either unconnected or has no load
WARNING: [Synth 8-7129] Port ENET1_GMII_RX_DV in module processing_system7_v5_5_processing_system7 is either unconnected or has no load
WARNING: [Synth 8-7129] Port ENET1_GMII_RX_ER in module processing_system7_v5_5_processing_system7 is either unconnected or has no load
WARNING: [Synth 8-7129] Port ENET1_GMII_RXD[7] in module processing_system7_v5_5_processing_system7 is either unconnected or has no load
WARNING: [Synth 8-7129] Port ENET1_GMII_RXD[6] in module processing_system7_v5_5_processing_system7 is either unconnected or has no load
WARNING: [Synth 8-7129] Port ENET1_GMII_RXD[5] in module processing_system7_v5_5_processing_system7 is either unconnected or has no load
WARNING: [Synth 8-7129] Port ENET1_GMII_RXD[4] in module processing_system7_v5_5_processing_system7 is either unconnected or has no load
WARNING: [Synth 8-7129] Port ENET1_GMII_RXD[3] in module processing_system7_v5_5_processing_system7 is either unconnected or has no load
WARNING: [Synth 8-7129] Port ENET1_GMII_RXD[2] in module processing_system7_v5_5_processing_system7 is either unconnected or has no load
WARNING: [Synth 8-7129] Port ENET1_GMII_RXD[1] in module processing_system7_v5_5_processing_system7 is either unconnected or has no load
WARNING: [Synth 8-7129] Port ENET1_GMII_RXD[0] in module processing_system7_v5_5_processing_system7 is either unconnected or has no load
WARNING: [Synth 8-7129] Port S_AXI_GP0_ARSIZE[2] in module processing_system7_v5_5_processing_system7 is either unconnected or has no load
WARNING: [Synth 8-7129] Port S_AXI_GP0_AWSIZE[2] in module processing_system7_v5_5_processing_system7 is either unconnected or has no load
WARNING: [Synth 8-7129] Port S_AXI_GP1_ARSIZE[2] in module processing_system7_v5_5_processing_system7 is either unconnected or has no load
WARNING: [Synth 8-7129] Port S_AXI_GP1_AWSIZE[2] in module processing_system7_v5_5_processing_system7 is either unconnected or has no load
WARNING: [Synth 8-7129] Port S_AXI_ACP_ARSIZE[2] in module processing_system7_v5_5_processing_system7 is either unconnected or has no load
WARNING: [Synth 8-7129] Port S_AXI_ACP_AWSIZE[2] in module processing_system7_v5_5_processing_system7 is either unconnected or has no load
WARNING: [Synth 8-7129] Port S_AXI_HP0_ARSIZE[2] in module processing_system7_v5_5_processing_system7 is either unconnected or has no load
WARNING: [Synth 8-7129] Port S_AXI_HP0_AWSIZE[2] in module processing_system7_v5_5_processing_system7 is either unconnected or has no load
WARNING: [Synth 8-7129] Port S_AXI_HP1_ARSIZE[2] in module processing_system7_v5_5_processing_system7 is either unconnected or has no load
WARNING: [Synth 8-7129] Port S_AXI_HP1_AWSIZE[2] in module processing_system7_v5_5_processing_system7 is either unconnected or has no load
WARNING: [Synth 8-7129] Port S_AXI_HP2_ARSIZE[2] in module processing_system7_v5_5_processing_system7 is either unconnected or has no load
WARNING: [Synth 8-7129] Port S_AXI_HP2_AWSIZE[2] in module processing_system7_v5_5_processing_system7 is either unconnected or has no load
WARNING: [Synth 8-7129] Port S_AXI_HP3_ARSIZE[2] in module processing_system7_v5_5_processing_system7 is either unconnected or has no load
WARNING: [Synth 8-7129] Port S_AXI_HP3_AWSIZE[2] in module processing_system7_v5_5_processing_system7 is either unconnected or has no load
WARNING: [Synth 8-7129] Port FCLK_CLKTRIG3_N in module processing_system7_v5_5_processing_system7 is either unconnected or has no load
WARNING: [Synth 8-7129] Port FCLK_CLKTRIG2_N in module processing_system7_v5_5_processing_system7 is either unconnected or has no load
WARNING: [Synth 8-7129] Port FCLK_CLKTRIG1_N in module processing_system7_v5_5_processing_system7 is either unconnected or has no load
WARNING: [Synth 8-7129] Port FCLK_CLKTRIG0_N in module processing_system7_v5_5_processing_system7 is either unconnected or has no load
WARNING: [Synth 8-7129] Port FTMD_TRACEIN_DATA[31] in module processing_system7_v5_5_processing_system7 is either unconnected or has no load
WARNING: [Synth 8-7129] Port FTMD_TRACEIN_DATA[30] in module processing_system7_v5_5_processing_system7 is either unconnected or has no load
WARNING: [Synth 8-7129] Port FTMD_TRACEIN_DATA[29] in module processing_system7_v5_5_processing_system7 is either unconnected or has no load
WARNING: [Synth 8-7129] Port FTMD_TRACEIN_DATA[28] in module processing_system7_v5_5_processing_system7 is either unconnected or has no load
WARNING: [Synth 8-7129] Port FTMD_TRACEIN_DATA[27] in module processing_system7_v5_5_processing_system7 is either unconnected or has no load
WARNING: [Synth 8-7129] Port FTMD_TRACEIN_DATA[26] in module processing_system7_v5_5_processing_system7 is either unconnected or has no load
WARNING: [Synth 8-7129] Port FTMD_TRACEIN_DATA[25] in module processing_system7_v5_5_processing_system7 is either unconnected or has no load
WARNING: [Synth 8-7129] Port FTMD_TRACEIN_DATA[24] in module processing_system7_v5_5_processing_system7 is either unconnected or has no load
WARNING: [Synth 8-7129] Port FTMD_TRACEIN_DATA[23] in module processing_system7_v5_5_processing_system7 is either unconnected or has no load
WARNING: [Synth 8-7129] Port FTMD_TRACEIN_DATA[22] in module processing_system7_v5_5_processing_system7 is either unconnected or has no load
WARNING: [Synth 8-7129] Port FTMD_TRACEIN_DATA[21] in module processing_system7_v5_5_processing_system7 is either unconnected or has no load
WARNING: [Synth 8-7129] Port FTMD_TRACEIN_DATA[20] in module processing_system7_v5_5_processing_system7 is either unconnected or has no load
WARNING: [Synth 8-7129] Port FTMD_TRACEIN_DATA[19] in module processing_system7_v5_5_processing_system7 is either unconnected or has no load
WARNING: [Synth 8-7129] Port FTMD_TRACEIN_DATA[18] in module processing_system7_v5_5_processing_system7 is either unconnected or has no load
WARNING: [Synth 8-7129] Port FTMD_TRACEIN_DATA[17] in module processing_system7_v5_5_processing_system7 is either unconnected or has no load
WARNING: [Synth 8-7129] Port FTMD_TRACEIN_DATA[16] in module processing_system7_v5_5_processing_system7 is either unconnected or has no load
WARNING: [Synth 8-7129] Port FTMD_TRACEIN_DATA[15] in module processing_system7_v5_5_processing_system7 is either unconnected or has no load
WARNING: [Synth 8-7129] Port FTMD_TRACEIN_DATA[14] in module processing_system7_v5_5_processing_system7 is either unconnected or has no load
WARNING: [Synth 8-7129] Port FTMD_TRACEIN_DATA[13] in module processing_system7_v5_5_processing_system7 is either unconnected or has no load
WARNING: [Synth 8-7129] Port FTMD_TRACEIN_DATA[12] in module processing_system7_v5_5_processing_system7 is either unconnected or has no load
WARNING: [Synth 8-7129] Port FTMD_TRACEIN_DATA[11] in module processing_system7_v5_5_processing_system7 is either unconnected or has no load
WARNING: [Synth 8-7129] Port FTMD_TRACEIN_DATA[10] in module processing_system7_v5_5_processing_system7 is either unconnected or has no load
WARNING: [Synth 8-7129] Port FTMD_TRACEIN_DATA[9] in module processing_system7_v5_5_processing_system7 is either unconnected or has no load
WARNING: [Synth 8-7129] Port FTMD_TRACEIN_DATA[8] in module processing_system7_v5_5_processing_system7 is either unconnected or has no load
WARNING: [Synth 8-7129] Port FTMD_TRACEIN_DATA[7] in module processing_system7_v5_5_processing_system7 is either unconnected or has no load
WARNING: [Synth 8-7129] Port FTMD_TRACEIN_DATA[6] in module processing_system7_v5_5_processing_system7 is either unconnected or has no load
WARNING: [Synth 8-7129] Port FTMD_TRACEIN_DATA[5] in module processing_system7_v5_5_processing_system7 is either unconnected or has no load
WARNING: [Synth 8-7129] Port FTMD_TRACEIN_DATA[4] in module processing_system7_v5_5_processing_system7 is either unconnected or has no load
WARNING: [Synth 8-7129] Port FTMD_TRACEIN_DATA[3] in module processing_system7_v5_5_processing_system7 is either unconnected or has no load
WARNING: [Synth 8-7129] Port FTMD_TRACEIN_DATA[2] in module processing_system7_v5_5_processing_system7 is either unconnected or has no load
WARNING: [Synth 8-7129] Port FTMD_TRACEIN_DATA[1] in module processing_system7_v5_5_processing_system7 is either unconnected or has no load
WARNING: [Synth 8-7129] Port FTMD_TRACEIN_DATA[0] in module processing_system7_v5_5_processing_system7 is either unconnected or has no load
WARNING: [Synth 8-7129] Port FTMD_TRACEIN_VALID in module processing_system7_v5_5_processing_system7 is either unconnected or has no load
WARNING: [Synth 8-7129] Port FTMD_TRACEIN_ATID[3] in module processing_system7_v5_5_processing_system7 is either unconnected or has no load
WARNING: [Synth 8-7129] Port FTMD_TRACEIN_ATID[2] in module processing_system7_v5_5_processing_system7 is either unconnected or has no load
WARNING: [Synth 8-7129] Port FTMD_TRACEIN_ATID[1] in module processing_system7_v5_5_processing_system7 is either unconnected or has no load
WARNING: [Synth 8-7129] Port FTMD_TRACEIN_ATID[0] in module processing_system7_v5_5_processing_system7 is either unconnected or has no load
---------------------------------------------------------------------------------
Finished RTL Elaboration : Time (s): cpu = 00:00:08 ; elapsed = 00:00:08 . Memory (MB): peak = 2411.102 ; gain = 506.352
---------------------------------------------------------------------------------
---------------------------------------------------------------------------------
Start Handling Custom Attributes
---------------------------------------------------------------------------------
---------------------------------------------------------------------------------
Finished Handling Custom Attributes : Time (s): cpu = 00:00:08 ; elapsed = 00:00:08 . Memory (MB): peak = 2429.012 ; gain = 524.262
---------------------------------------------------------------------------------
---------------------------------------------------------------------------------
Finished RTL Optimization Phase 1 : Time (s): cpu = 00:00:08 ; elapsed = 00:00:08 . Memory (MB): peak = 2429.012 ; gain = 524.262
---------------------------------------------------------------------------------
Netlist sorting complete. Time (s): cpu = 00:00:00 ; elapsed = 00:00:00.025 . Memory (MB): peak = 2441.039 ; gain = 0.000
INFO: [Project 1-570] Preparing netlist for logic optimization

Processing XDC Constraints
Initializing timing engine
Parsing XDC File [c:/Users/lgonzales/Documents/Vivado/code/demo_zc706/demo_zc706.gen/sources_1/bd/demo_zc706/ip/demo_zc706_processing_system7_0_0/demo_zc706_processing_system7_0_0.xdc] for cell 'demo_zc706_i/processing_system7_0/inst'
Finished Parsing XDC File [c:/Users/lgonzales/Documents/Vivado/code/demo_zc706/demo_zc706.gen/sources_1/bd/demo_zc706/ip/demo_zc706_processing_system7_0_0/demo_zc706_processing_system7_0_0.xdc] for cell 'demo_zc706_i/processing_system7_0/inst'
INFO: [Project 1-236] Implementation specific constraints were found while reading constraint file [c:/Users/lgonzales/Documents/Vivado/code/demo_zc706/demo_zc706.gen/sources_1/bd/demo_zc706/ip/demo_zc706_processing_system7_0_0/demo_zc706_processing_system7_0_0.xdc]. These constraints will be ignored for synthesis but will be used in implementation. Impacted constraints are listed in the file [.Xil/demo_zc706_wrapper_propImpl.xdc].
Resolution: To avoid this warning, move constraints listed in [.Xil/demo_zc706_wrapper_propImpl.xdc] to another XDC file and exclude this new file from synthesis with the used_in_synthesis property (File Properties dialog in GUI) and re-run elaboration/synthesis.
Parsing XDC File [C:/Users/lgonzales/Documents/Vivado/code/demo_zc706/demo_zc706.runs/synth_1/dont_touch.xdc]
Finished Parsing XDC File [C:/Users/lgonzales/Documents/Vivado/code/demo_zc706/demo_zc706.runs/synth_1/dont_touch.xdc]
INFO: [Project 1-236] Implementation specific constraints were found while reading constraint file [C:/Users/lgonzales/Documents/Vivado/code/demo_zc706/demo_zc706.runs/synth_1/dont_touch.xdc]. These constraints will be ignored for synthesis but will be used in implementation. Impacted constraints are listed in the file [.Xil/demo_zc706_wrapper_propImpl.xdc].
Resolution: To avoid this warning, move constraints listed in [.Xil/demo_zc706_wrapper_propImpl.xdc] to another XDC file and exclude this new file from synthesis with the used_in_synthesis property (File Properties dialog in GUI) and re-run elaboration/synthesis.
Completed Processing XDC Constraints

Netlist sorting complete. Time (s): cpu = 00:00:00 ; elapsed = 00:00:00 . Memory (MB): peak = 2462.141 ; gain = 0.000
INFO: [Project 1-111] Unisim Transformation Summary:
No Unisim elements were transformed.

Constraint Validation Runtime : Time (s): cpu = 00:00:00 ; elapsed = 00:00:00.006 . Memory (MB): peak = 2462.141 ; gain = 0.000
INFO: [Synth 8-11241] undeclared symbol 'REGCCE', assumed default net type 'wire' [G:/Xillinx2022.2/Vivado/2022.2/data/verilog/src/unimacro/BRAM_SINGLE_MACRO.v:2170]
---------------------------------------------------------------------------------
Finished Constraint Validation : Time (s): cpu = 00:00:17 ; elapsed = 00:00:18 . Memory (MB): peak = 2462.141 ; gain = 557.391
---------------------------------------------------------------------------------
---------------------------------------------------------------------------------
Start Loading Part and Timing Information
---------------------------------------------------------------------------------
Loading part: xc7z045ffg900-2
---------------------------------------------------------------------------------
Finished Loading Part and Timing Information : Time (s): cpu = 00:00:17 ; elapsed = 00:00:18 . Memory (MB): peak = 2462.141 ; gain = 557.391
---------------------------------------------------------------------------------
---------------------------------------------------------------------------------
Start Applying 'set_property' XDC Constraints
---------------------------------------------------------------------------------
Applied set_property KEEP_HIERARCHY = SOFT for demo_zc706_i/processing_system7_0/inst. (constraint file  C:/Users/lgonzales/Documents/Vivado/code/demo_zc706/demo_zc706.runs/synth_1/dont_touch.xdc, line 11).
Applied set_property KEEP_HIERARCHY = SOFT for demo_zc706_i. (constraint file  auto generated constraint).
Applied set_property KEEP_HIERARCHY = SOFT for demo_zc706_i/processing_system7_0. (constraint file  auto generated constraint).
---------------------------------------------------------------------------------
Finished applying 'set_property' XDC Constraints : Time (s): cpu = 00:00:18 ; elapsed = 00:00:18 . Memory (MB): peak = 2462.141 ; gain = 557.391
---------------------------------------------------------------------------------
---------------------------------------------------------------------------------
Finished RTL Optimization Phase 2 : Time (s): cpu = 00:00:18 ; elapsed = 00:00:19 . Memory (MB): peak = 2462.141 ; gain = 557.391
---------------------------------------------------------------------------------
---------------------------------------------------------------------------------
Start RTL Component Statistics 
---------------------------------------------------------------------------------
Detailed RTL Component Info : 
---------------------------------------------------------------------------------
Finished RTL Component Statistics 
---------------------------------------------------------------------------------
---------------------------------------------------------------------------------
Start Part Resource Summary
---------------------------------------------------------------------------------
Part Resources:
DSPs: 900 (col length:140)
BRAMs: 1090 (col length: RAMB18 140 RAMB36 70)
---------------------------------------------------------------------------------
Finished Part Resource Summary
---------------------------------------------------------------------------------
---------------------------------------------------------------------------------
Start Cross Boundary and Area Optimization
---------------------------------------------------------------------------------
WARNING: [Synth 8-7080] Parallel synthesis criteria is not met
WARNING: [Synth 8-7129] Port ENET0_GMII_COL in module processing_system7_v5_5_processing_system7 is either unconnected or has no load
WARNING: [Synth 8-7129] Port ENET0_GMII_CRS in module processing_system7_v5_5_processing_system7 is either unconnected or has no load
WARNING: [Synth 8-7129] Port ENET0_GMII_RX_DV in module processing_system7_v5_5_processing_system7 is either unconnected or has no load
WARNING: [Synth 8-7129] Port ENET0_GMII_RX_ER in module processing_system7_v5_5_processing_system7 is either unconnected or has no load
WARNING: [Synth 8-7129] Port ENET0_GMII_RXD[7] in module processing_system7_v5_5_processing_system7 is either unconnected or has no load
WARNING: [Synth 8-7129] Port ENET0_GMII_RXD[6] in module processing_system7_v5_5_processing_system7 is either unconnected or has no load
WARNING: [Synth 8-7129] Port ENET0_GMII_RXD[5] in module processing_system7_v5_5_processing_system7 is either unconnected or has no load
WARNING: [Synth 8-7129] Port ENET0_GMII_RXD[4] in module processing_system7_v5_5_processing_system7 is either unconnected or has no load
WARNING: [Synth 8-7129] Port ENET0_GMII_RXD[3] in module processing_system7_v5_5_processing_system7 is either unconnected or has no load
WARNING: [Synth 8-7129] Port ENET0_GMII_RXD[2] in module processing_system7_v5_5_processing_system7 is either unconnected or has no load
WARNING: [Synth 8-7129] Port ENET0_GMII_RXD[1] in module processing_system7_v5_5_processing_system7 is either unconnected or has no load
WARNING: [Synth 8-7129] Port ENET0_GMII_RXD[0] in module processing_system7_v5_5_processing_system7 is either unconnected or has no load
WARNING: [Synth 8-7129] Port ENET1_GMII_COL in module processing_system7_v5_5_processing_system7 is either unconnected or has no load
WARNING: [Synth 8-7129] Port ENET1_GMII_CRS in module processing_system7_v5_5_processing_system7 is either unconnected or has no load
WARNING: [Synth 8-7129] Port ENET1_GMII_RX_DV in module processing_system7_v5_5_processing_system7 is either unconnected or has no load
WARNING: [Synth 8-7129] Port ENET1_GMII_RX_ER in module processing_system7_v5_5_processing_system7 is either unconnected or has no load
WARNING: [Synth 8-7129] Port ENET1_GMII_RXD[7] in module processing_system7_v5_5_processing_system7 is either unconnected or has no load
WARNING: [Synth 8-7129] Port ENET1_GMII_RXD[6] in module processing_system7_v5_5_processing_system7 is either unconnected or has no load
WARNING: [Synth 8-7129] Port ENET1_GMII_RXD[5] in module processing_system7_v5_5_processing_system7 is either unconnected or has no load
WARNING: [Synth 8-7129] Port ENET1_GMII_RXD[4] in module processing_system7_v5_5_processing_system7 is either unconnected or has no load
WARNING: [Synth 8-7129] Port ENET1_GMII_RXD[3] in module processing_system7_v5_5_processing_system7 is either unconnected or has no load
INFO: [Common 17-14] Message 'Synth 8-7129' appears 100 times and further instances of the messages will be disabled. Use the Tcl command set_msg_config to change the current settings.
---------------------------------------------------------------------------------
Finished Cross Boundary and Area Optimization : Time (s): cpu = 00:00:20 ; elapsed = 00:00:21 . Memory (MB): peak = 2462.141 ; gain = 557.391
---------------------------------------------------------------------------------
---------------------------------------------------------------------------------
Start Applying XDC Timing Constraints
---------------------------------------------------------------------------------
---------------------------------------------------------------------------------
Finished Applying XDC Timing Constraints : Time (s): cpu = 00:00:26 ; elapsed = 00:00:27 . Memory (MB): peak = 2528.758 ; gain = 624.008
---------------------------------------------------------------------------------
---------------------------------------------------------------------------------
Start Timing Optimization
---------------------------------------------------------------------------------
---------------------------------------------------------------------------------
Finished Timing Optimization : Time (s): cpu = 00:00:26 ; elapsed = 00:00:27 . Memory (MB): peak = 2548.949 ; gain = 644.199
---------------------------------------------------------------------------------
---------------------------------------------------------------------------------
Start Technology Mapping
---------------------------------------------------------------------------------
---------------------------------------------------------------------------------
Finished Technology Mapping : Time (s): cpu = 00:00:26 ; elapsed = 00:00:27 . Memory (MB): peak = 2560.484 ; gain = 655.734
---------------------------------------------------------------------------------
---------------------------------------------------------------------------------
Start IO Insertion
---------------------------------------------------------------------------------
---------------------------------------------------------------------------------
Start Flattening Before IO Insertion
---------------------------------------------------------------------------------
---------------------------------------------------------------------------------
Finished Flattening Before IO Insertion
---------------------------------------------------------------------------------
---------------------------------------------------------------------------------
Start Final Netlist Cleanup
---------------------------------------------------------------------------------
---------------------------------------------------------------------------------
Finished Final Netlist Cleanup
---------------------------------------------------------------------------------
---------------------------------------------------------------------------------
Finished IO Insertion : Time (s): cpu = 00:00:32 ; elapsed = 00:00:33 . Memory (MB): peak = 2566.676 ; gain = 661.926
---------------------------------------------------------------------------------
---------------------------------------------------------------------------------
Start Renaming Generated Instances
---------------------------------------------------------------------------------
---------------------------------------------------------------------------------
Finished Renaming Generated Instances : Time (s): cpu = 00:00:32 ; elapsed = 00:00:33 . Memory (MB): peak = 2566.676 ; gain = 661.926
---------------------------------------------------------------------------------
---------------------------------------------------------------------------------
Start Rebuilding User Hierarchy
---------------------------------------------------------------------------------
---------------------------------------------------------------------------------
Finished Rebuilding User Hierarchy : Time (s): cpu = 00:00:32 ; elapsed = 00:00:33 . Memory (MB): peak = 2566.676 ; gain = 661.926
---------------------------------------------------------------------------------
---------------------------------------------------------------------------------
Start Renaming Generated Ports
---------------------------------------------------------------------------------
---------------------------------------------------------------------------------
Finished Renaming Generated Ports : Time (s): cpu = 00:00:32 ; elapsed = 00:00:33 . Memory (MB): peak = 2566.676 ; gain = 661.926
---------------------------------------------------------------------------------
---------------------------------------------------------------------------------
Start Handling Custom Attributes
---------------------------------------------------------------------------------
---------------------------------------------------------------------------------
Finished Handling Custom Attributes : Time (s): cpu = 00:00:32 ; elapsed = 00:00:33 . Memory (MB): peak = 2566.676 ; gain = 661.926
---------------------------------------------------------------------------------
---------------------------------------------------------------------------------
Start Renaming Generated Nets
---------------------------------------------------------------------------------
---------------------------------------------------------------------------------
Finished Renaming Generated Nets : Time (s): cpu = 00:00:32 ; elapsed = 00:00:33 . Memory (MB): peak = 2566.676 ; gain = 661.926
---------------------------------------------------------------------------------
---------------------------------------------------------------------------------
Start Writing Synthesis Report
---------------------------------------------------------------------------------

Report BlackBoxes: 
+-+--------------+----------+
| |BlackBox name |Instances |
+-+--------------+----------+
+-+--------------+----------+

Report Cell Usage: 
+------+------+------+
|      |Cell  |Count |
+------+------+------+
|1     |BIBUF |   130|
|2     |BUFG  |     1|
|3     |LUT1  |    24|
|4     |PS7   |     1|
+------+------+------+
---------------------------------------------------------------------------------
Finished Writing Synthesis Report : Time (s): cpu = 00:00:32 ; elapsed = 00:00:33 . Memory (MB): peak = 2566.676 ; gain = 661.926
---------------------------------------------------------------------------------
Synthesis finished with 0 errors, 0 critical warnings and 80 warnings.
Synthesis Optimization Runtime : Time (s): cpu = 00:00:21 ; elapsed = 00:00:29 . Memory (MB): peak = 2566.676 ; gain = 628.797
Synthesis Optimization Complete : Time (s): cpu = 00:00:32 ; elapsed = 00:00:33 . Memory (MB): peak = 2566.676 ; gain = 661.926
INFO: [Project 1-571] Translating synthesized netlist
Netlist sorting complete. Time (s): cpu = 00:00:00 ; elapsed = 00:00:00.019 . Memory (MB): peak = 2566.676 ; gain = 0.000
INFO: [Project 1-570] Preparing netlist for logic optimization
INFO: [Opt 31-138] Pushed 0 inverter(s) to 0 load pin(s).
Netlist sorting complete. Time (s): cpu = 00:00:00 ; elapsed = 00:00:00 . Memory (MB): peak = 2598.582 ; gain = 0.000
INFO: [Project 1-111] Unisim Transformation Summary:
No Unisim elements were transformed.

Synth Design complete, checksum: c25482b0
INFO: [Common 17-83] Releasing license: Synthesis
34 Infos, 149 Warnings, 0 Critical Warnings and 0 Errors encountered.
synth_design completed successfully
synth_design: Time (s): cpu = 00:00:37 ; elapsed = 00:00:39 . Memory (MB): peak = 2598.582 ; gain = 1168.133
INFO: [Common 17-1381] The checkpoint 'C:/Users/lgonzales/Documents/Vivado/code/demo_zc706/demo_zc706.runs/synth_1/demo_zc706_wrapper.dcp' has been generated.
INFO: [runtcl-4] Executing : report_utilization -file demo_zc706_wrapper_utilization_synth.rpt -pb demo_zc706_wrapper_utilization_synth.pb
INFO: [Common 17-206] Exiting Vivado at Fri May 17 14:22:30 2024...
