Copyright 1986-2022 Xilinx, Inc. All Rights Reserved.
--------------------------------------------------------------------------------------------------------------------------------------------------------------------------------------------
| Tool Version : Vivado v.2022.2 (win64) Build 3671981 Fri Oct 14 05:00:03 MDT 2022
| Date         : Fri May 17 14:25:02 2024
| Host         : DESKTOP-AUUTGSM running 64-bit major release  (build 9200)
| Command      : report_methodology -file demo_zc706_wrapper_methodology_drc_routed.rpt -pb demo_zc706_wrapper_methodology_drc_routed.pb -rpx demo_zc706_wrapper_methodology_drc_routed.rpx
| Design       : demo_zc706_wrapper
| Device       : xc7z045ffg900-2
| Speed File   : -2
| Design State : Fully Routed
--------------------------------------------------------------------------------------------------------------------------------------------------------------------------------------------

Report Methodology

Table of Contents
-----------------
1. REPORT SUMMARY
2. REPORT DETAILS

1. REPORT SUMMARY
-----------------
            Netlist: netlist
          Floorplan: design_1
      Design limits: <entire design considered>
             Max violations: <unlimited>
             Violations found: 0
+------+----------+-------------+------------+
| Rule | Severity | Description | Violations |
+------+----------+-------------+------------+
+------+----------+-------------+------------+

2. REPORT DETAILS
-----------------

